d:\chengw\projects\iterhardcapture\vc120.pdb
d:\chengw\projects\iterhardcapture\release\moc_widget.obj
d:\chengw\projects\iterhardcapture\release\moc_showimagewidget.obj
d:\chengw\projects\iterhardcapture\release\moc_rvideodecode.obj
d:\chengw\projects\iterhardcapture\release\widget.obj
d:\chengw\projects\iterhardcapture\release\showimagewidget.obj
d:\chengw\projects\iterhardcapture\release\rvideodecode.obj
d:\chengw\projects\iterhardcapture\release\main.obj
d:\chengw\projects\iterhardcapture\release\moc_rvideodecode.cpp
d:\chengw\projects\iterhardcapture\release\moc_showimagewidget.cpp
d:\chengw\projects\iterhardcapture\ui_showimagewidget.h
d:\chengw\projects\iterhardcapture\ui_widget.h
d:\chengw\projects\iterhardcapture\release\moc_widget.cpp
d:\chengw\projects\iterhardcapture\release\iterhardcapture.exe
d:\chengw\projects\iterhardcapture\release\iterhardcapture.pdb
d:\chengw\projects\iterhardcapture\release\iterhardcapture.tlog\cl.command.1.tlog
d:\chengw\projects\iterhardcapture\release\iterhardcapture.tlog\cl.read.1.tlog
d:\chengw\projects\iterhardcapture\release\iterhardcapture.tlog\cl.write.1.tlog
d:\chengw\projects\iterhardcapture\release\iterhardcapture.tlog\custombuild.command.1.tlog
d:\chengw\projects\iterhardcapture\release\iterhardcapture.tlog\custombuild.read.1.tlog
d:\chengw\projects\iterhardcapture\release\iterhardcapture.tlog\custombuild.write.1.tlog
d:\chengw\projects\iterhardcapture\release\iterhardcapture.tlog\link.command.1.tlog
d:\chengw\projects\iterhardcapture\release\iterhardcapture.tlog\link.read.1.tlog
d:\chengw\projects\iterhardcapture\release\iterhardcapture.tlog\link.write.1.tlog
